# JRE version: Java(TM) SE Runtime Environment (7.0_40-b43) (build 1.7.0_40-b43)
# Java VM: Java HotSpot(TM) Client VM (24.0-b56 mixed mode windows-x86 )
Heap
 def new generation   total 49664K, used 14508K [0x04630000, 0x07c10000, 0x09b80000)
  eden space 44160K,  21% used [0x04630000, 0x04f92930, 0x07150000)
  from space 5504K,  88% used [0x076b0000, 0x07b78930, 0x07c10000)
  to   space 5504K,   0% used [0x07150000, 0x07150000, 0x076b0000)
 tenured generation   total 110184K, used 66108K [0x09b80000, 0x1071a000, 0x14630000)
   the space 110184K,  59% used [0x09b80000, 0x0dc0f158, 0x0dc0f200, 0x1071a000)
 compacting perm gen  total 18432K, used 18223K [0x14630000, 0x15830000, 0x18630000)
   the space 18432K,  98% used [0x14630000, 0x157fbd28, 0x157fbe00, 0x15830000)
GC Heap History (10 events):
Event: 12.163 GC heap before
{Heap before GC invocations=45 (full 4):
 def new generation   total 37248K, used 36451K [0x04630000, 0x06e90000, 0x09b80000)
  eden space 33152K, 100% used [0x04630000, 0x06690000, 0x06690000)
  from space 4096K,  80% used [0x06690000, 0x069c8c40, 0x06a90000)
  to   space 4096K,   0% used [0x06a90000, 0x06a90000, 0x06e90000)
 tenured generation   total 82624K, used 52832K [0x09b80000, 0x0ec30000, 0x14630000)
   the space 82624K,  63% used [0x09b80000, 0x0cf18300, 0x0cf18400, 0x0ec30000)
 compacting perm gen  total 14848K, used 14673K [0x14630000, 0x154b0000, 0x18630000)
   the space 14848K,  98% used [0x14630000, 0x15484650, 0x15484800, 0x154b0000)
No shared spaces configured.
Event: 12.220 GC heap after
Heap after GC invocations=46 (full 4):
 def new generation   total 37248K, used 4096K [0x04630000, 0x06e90000, 0x09b80000)
  eden space 33152K,   0% used [0x04630000, 0x04630000, 0x06690000)
  from space 4096K, 100% used [0x06a90000, 0x06e90000, 0x06e90000)
  to   space 4096K,   0% used [0x06690000, 0x06690000, 0x06a90000)
 tenured generation   total 82624K, used 56414K [0x09b80000, 0x0ec30000, 0x14630000)
   the space 82624K,  68% used [0x09b80000, 0x0d297bb8, 0x0d297c00, 0x0ec30000)
 compacting perm gen  total 14848K, used 14673K [0x14630000, 0x154b0000, 0x18630000)
   the space 14848K,  98% used [0x14630000, 0x15484650, 0x15484800, 0x154b0000)
No shared spaces configured.
}
Event: 13.588 GC heap before
{Heap before GC invocations=46 (full 4):
 def new generation   total 37248K, used 37248K [0x04630000, 0x06e90000, 0x09b80000)
  eden space 33152K, 100% used [0x04630000, 0x06690000, 0x06690000)
  from space 4096K, 100% used [0x06a90000, 0x06e90000, 0x06e90000)
  to   space 4096K,   0% used [0x06690000, 0x06690000, 0x06a90000)
 tenured generation   total 82624K, used 56414K [0x09b80000, 0x0ec30000, 0x14630000)
   the space 82624K,  68% used [0x09b80000, 0x0d297bb8, 0x0d297c00, 0x0ec30000)
 compacting perm gen  total 16896K, used 16663K [0x14630000, 0x156b0000, 0x18630000)
   the space 16896K,  98% used [0x14630000, 0x15675fc8, 0x15676000, 0x156b0000)
No shared spaces configured.
Event: 13.625 GC heap after
Heap after GC invocations=47 (full 4):
 def new generation   total 37248K, used 3326K [0x04630000, 0x06e90000, 0x09b80000)
  eden space 33152K,   0% used [0x04630000, 0x04630000, 0x06690000)
  from space 4096K,  81% used [0x06690000, 0x069cfa50, 0x06a90000)
  to   space 4096K,   0% used [0x06a90000, 0x06a90000, 0x06e90000)
 tenured generation   total 82624K, used 60508K [0x09b80000, 0x0ec30000, 0x14630000)
   the space 82624K,  73% used [0x09b80000, 0x0d6972a0, 0x0d697400, 0x0ec30000)
 compacting perm gen  total 16896K, used 16663K [0x14630000, 0x156b0000, 0x18630000)
   the space 16896K,  98% used [0x14630000, 0x15675fc8, 0x15676000, 0x156b0000)
No shared spaces configured.
}
Event: 17.223 GC heap before
{Heap before GC invocations=47 (full 4):
 def new generation   total 37248K, used 36478K [0x04630000, 0x06e90000, 0x09b80000)
  eden space 33152K, 100% used [0x04630000, 0x06690000, 0x06690000)
  from space 4096K,  81% used [0x06690000, 0x069cfa50, 0x06a90000)
  to   space 4096K,   0% used [0x06a90000, 0x06a90000, 0x06e90000)
 tenured generation   total 82624K, used 60508K [0x09b80000, 0x0ec30000, 0x14630000)
   the space 82624K,  73% used [0x09b80000, 0x0d6972a0, 0x0d697400, 0x0ec30000)
 compacting perm gen  total 18176K, used 18061K [0x14630000, 0x157f0000, 0x18630000)
   the space 18176K,  99% used [0x14630000, 0x157d3748, 0x157d3800, 0x157f0000)
No shared spaces configured.
Event: 17.249 GC heap after
Heap after GC invocations=48 (full 4):
 def new generation   total 37248K, used 2124K [0x04630000, 0x06e90000, 0x09b80000)
  eden space 33152K,   0% used [0x04630000, 0x04630000, 0x06690000)
  from space 4096K,  51% used [0x06a90000, 0x06ca30e0, 0x06e90000)
  to   space 4096K,   0% used [0x06690000, 0x06690000, 0x06a90000)
 tenured generation   total 82624K, used 61488K [0x09b80000, 0x0ec30000, 0x14630000)
   the space 82624K,  74% used [0x09b80000, 0x0d78c108, 0x0d78c200, 0x0ec30000)
 compacting perm gen  total 18176K, used 18061K [0x14630000, 0x157f0000, 0x18630000)
   the space 18176K,  99% used [0x14630000, 0x157d3748, 0x157d3800, 0x157f0000)
No shared spaces configured.
}
Event: 17.983 GC heap before
{Heap before GC invocations=48 (full 4):
 def new generation   total 37248K, used 35276K [0x04630000, 0x06e90000, 0x09b80000)
  eden space 33152K, 100% used [0x04630000, 0x06690000, 0x06690000)
  from space 4096K,  51% used [0x06a90000, 0x06ca30e0, 0x06e90000)
  to   space 4096K,   0% used [0x06690000, 0x06690000, 0x06a90000)
 tenured generation   total 82624K, used 61488K [0x09b80000, 0x0ec30000, 0x14630000)
   the space 82624K,  74% used [0x09b80000, 0x0d78c108, 0x0d78c200, 0x0ec30000)
 compacting perm gen  total 18432K, used 18203K [0x14630000, 0x15830000, 0x18630000)
   the space 18432K,  98% used [0x14630000, 0x157f6fe0, 0x157f7000, 0x15830000)
No shared spaces configured.
Event: 18.577 GC heap after
Heap after GC invocations=49 (full 5):
 def new generation   total 49664K, used 0K [0x04630000, 0x07c10000, 0x09b80000)
  eden space 44160K,   0% used [0x04630000, 0x04630000, 0x07150000)
  from space 5504K,   0% used [0x07150000, 0x07150000, 0x076b0000)
  to   space 5504K,   0% used [0x076b0000, 0x076b0000, 0x07c10000)
 tenured generation   total 110184K, used 66108K [0x09b80000, 0x1071a000, 0x14630000)
   the space 110184K,  59% used [0x09b80000, 0x0dc0f158, 0x0dc0f200, 0x1071a000)
 compacting perm gen  total 18432K, used 18203K [0x14630000, 0x15830000, 0x18630000)
   the space 18432K,  98% used [0x14630000, 0x157f6fe0, 0x157f7000, 0x15830000)
No shared spaces configured.
}
Event: 19.275 GC heap before
{Heap before GC invocations=49 (full 5):
 def new generation   total 49664K, used 44160K [0x04630000, 0x07c10000, 0x09b80000)
  eden space 44160K, 100% used [0x04630000, 0x07150000, 0x07150000)
  from space 5504K,   0% used [0x07150000, 0x07150000, 0x076b0000)
  to   space 5504K,   0% used [0x076b0000, 0x076b0000, 0x07c10000)
 tenured generation   total 110184K, used 66108K [0x09b80000, 0x1071a000, 0x14630000)
   the space 110184K,  59% used [0x09b80000, 0x0dc0f158, 0x0dc0f200, 0x1071a000)
 compacting perm gen  total 18432K, used 18203K [0x14630000, 0x15830000, 0x18630000)
   the space 18432K,  98% used [0x14630000, 0x157f6fe0, 0x157f7000, 0x15830000)
No shared spaces configured.
Event: 19.316 GC heap after
Heap after GC invocations=50 (full 5):
 def new generation   total 49664K, used 4898K [0x04630000, 0x07c10000, 0x09b80000)
  eden space 44160K,   0% used [0x04630000, 0x04630000, 0x07150000)
  from space 5504K,  88% used [0x076b0000, 0x07b78930, 0x07c10000)
  to   space 5504K,   0% used [0x07150000, 0x07150000, 0x076b0000)
 tenured generation   total 110184K, used 66108K [0x09b80000, 0x1071a000, 0x14630000)
   the space 110184K,  59% used [0x09b80000, 0x0dc0f158, 0x0dc0f200, 0x1071a000)
 compacting perm gen  total 18432K, used 18203K [0x14630000, 0x15830000, 0x18630000)
   the space 18432K,  98% used [0x14630000, 0x157f6fe0, 0x157f7000, 0x15830000)
No shared spaces configured.
}

