# JRE version: Java(TM) SE Runtime Environment (7.0_40-b43) (build 1.7.0_40-b43)
# Java VM: Java HotSpot(TM) Client VM (24.0-b56 mixed mode windows-x86 )
Heap
 def new generation   total 7040K, used 5117K [0x04660000, 0x04e00000, 0x09bb0000)
  eden space 6272K,  71% used [0x04660000, 0x04ac0770, 0x04c80000)
  from space 768K,  82% used [0x04c80000, 0x04d1edb0, 0x04d40000)
  to   space 768K,   0% used [0x04d40000, 0x04d40000, 0x04e00000)
 tenured generation   total 15544K, used 11606K [0x09bb0000, 0x0aade000, 0x14660000)
   the space 15544K,  74% used [0x09bb0000, 0x0a705818, 0x0a705a00, 0x0aade000)
 compacting perm gen  total 17920K, used 17680K [0x14660000, 0x157e0000, 0x18660000)
   the space 17920K,  98% used [0x14660000, 0x157a41f0, 0x157a4200, 0x157e0000)
GC Heap History (10 events):
Event: 10.745 GC heap before
{Heap before GC invocations=43 (full 2):
 def new generation   total 7040K, used 7040K [0x04660000, 0x04e00000, 0x09bb0000)
  eden space 6272K, 100% used [0x04660000, 0x04c80000, 0x04c80000)
  from space 768K, 100% used [0x04d40000, 0x04e00000, 0x04e00000)
  to   space 768K,   0% used [0x04c80000, 0x04c80000, 0x04d40000)
 tenured generation   total 15544K, used 10747K [0x09bb0000, 0x0aade000, 0x14660000)
   the space 15544K,  69% used [0x09bb0000, 0x0a62ee60, 0x0a62f000, 0x0aade000)
 compacting perm gen  total 16384K, used 16251K [0x14660000, 0x15660000, 0x18660000)
   the space 16384K,  99% used [0x14660000, 0x1563ec08, 0x1563ee00, 0x15660000)
No shared spaces configured.
Event: 10.751 GC heap after
Heap after GC invocations=44 (full 2):
 def new generation   total 7040K, used 544K [0x04660000, 0x04e00000, 0x09bb0000)
  eden space 6272K,   0% used [0x04660000, 0x04660000, 0x04c80000)
  from space 768K,  70% used [0x04c80000, 0x04d080c8, 0x04d40000)
  to   space 768K,   0% used [0x04d40000, 0x04d40000, 0x04e00000)
 tenured generation   total 15544K, used 11014K [0x09bb0000, 0x0aade000, 0x14660000)
   the space 15544K,  70% used [0x09bb0000, 0x0a671a98, 0x0a671c00, 0x0aade000)
 compacting perm gen  total 16384K, used 16251K [0x14660000, 0x15660000, 0x18660000)
   the space 16384K,  99% used [0x14660000, 0x1563ec08, 0x1563ee00, 0x15660000)
No shared spaces configured.
}
Event: 10.932 GC heap before
{Heap before GC invocations=44 (full 2):
 def new generation   total 7040K, used 6816K [0x04660000, 0x04e00000, 0x09bb0000)
  eden space 6272K, 100% used [0x04660000, 0x04c80000, 0x04c80000)
  from space 768K,  70% used [0x04c80000, 0x04d080c8, 0x04d40000)
  to   space 768K,   0% used [0x04d40000, 0x04d40000, 0x04e00000)
 tenured generation   total 15544K, used 11014K [0x09bb0000, 0x0aade000, 0x14660000)
   the space 15544K,  70% used [0x09bb0000, 0x0a671a98, 0x0a671c00, 0x0aade000)
 compacting perm gen  total 16640K, used 16512K [0x14660000, 0x156a0000, 0x18660000)
   the space 16640K,  99% used [0x14660000, 0x15680060, 0x15680200, 0x156a0000)
No shared spaces configured.
Event: 10.937 GC heap after
Heap after GC invocations=45 (full 2):
 def new generation   total 7040K, used 536K [0x04660000, 0x04e00000, 0x09bb0000)
  eden space 6272K,   0% used [0x04660000, 0x04660000, 0x04c80000)
  from space 768K,  69% used [0x04d40000, 0x04dc6098, 0x04e00000)
  to   space 768K,   0% used [0x04c80000, 0x04c80000, 0x04d40000)
 tenured generation   total 15544K, used 11176K [0x09bb0000, 0x0aade000, 0x14660000)
   the space 15544K,  71% used [0x09bb0000, 0x0a69a010, 0x0a69a200, 0x0aade000)
 compacting perm gen  total 16640K, used 16512K [0x14660000, 0x156a0000, 0x18660000)
   the space 16640K,  99% used [0x14660000, 0x15680060, 0x15680200, 0x156a0000)
No shared spaces configured.
}
Event: 11.137 GC heap before
{Heap before GC invocations=45 (full 2):
 def new generation   total 7040K, used 6808K [0x04660000, 0x04e00000, 0x09bb0000)
  eden space 6272K, 100% used [0x04660000, 0x04c80000, 0x04c80000)
  from space 768K,  69% used [0x04d40000, 0x04dc6098, 0x04e00000)
  to   space 768K,   0% used [0x04c80000, 0x04c80000, 0x04d40000)
 tenured generation   total 15544K, used 11176K [0x09bb0000, 0x0aade000, 0x14660000)
   the space 15544K,  71% used [0x09bb0000, 0x0a69a010, 0x0a69a200, 0x0aade000)
 compacting perm gen  total 16896K, used 16649K [0x14660000, 0x156e0000, 0x18660000)
   the space 16896K,  98% used [0x14660000, 0x156a2508, 0x156a2600, 0x156e0000)
No shared spaces configured.
Event: 11.140 GC heap after
Heap after GC invocations=46 (full 2):
 def new generation   total 7040K, used 309K [0x04660000, 0x04e00000, 0x09bb0000)
  eden space 6272K,   0% used [0x04660000, 0x04660000, 0x04c80000)
  from space 768K,  40% used [0x04c80000, 0x04ccd5b0, 0x04d40000)
  to   space 768K,   0% used [0x04d40000, 0x04d40000, 0x04e00000)
 tenured generation   total 15544K, used 11340K [0x09bb0000, 0x0aade000, 0x14660000)
   the space 15544K,  72% used [0x09bb0000, 0x0a6c3020, 0x0a6c3200, 0x0aade000)
 compacting perm gen  total 16896K, used 16649K [0x14660000, 0x156e0000, 0x18660000)
   the space 16896K,  98% used [0x14660000, 0x156a2508, 0x156a2600, 0x156e0000)
No shared spaces configured.
}
Event: 11.314 GC heap before
{Heap before GC invocations=46 (full 2):
 def new generation   total 7040K, used 6581K [0x04660000, 0x04e00000, 0x09bb0000)
  eden space 6272K, 100% used [0x04660000, 0x04c80000, 0x04c80000)
  from space 768K,  40% used [0x04c80000, 0x04ccd5b0, 0x04d40000)
  to   space 768K,   0% used [0x04d40000, 0x04d40000, 0x04e00000)
 tenured generation   total 15544K, used 11340K [0x09bb0000, 0x0aade000, 0x14660000)
   the space 15544K,  72% used [0x09bb0000, 0x0a6c3020, 0x0a6c3200, 0x0aade000)
 compacting perm gen  total 16896K, used 16836K [0x14660000, 0x156e0000, 0x18660000)
   the space 16896K,  99% used [0x14660000, 0x156d13a0, 0x156d1400, 0x156e0000)
No shared spaces configured.
Event: 11.317 GC heap after
Heap after GC invocations=47 (full 2):
 def new generation   total 7040K, used 543K [0x04660000, 0x04e00000, 0x09bb0000)
  eden space 6272K,   0% used [0x04660000, 0x04660000, 0x04c80000)
  from space 768K,  70% used [0x04d40000, 0x04dc7c10, 0x04e00000)
  to   space 768K,   0% used [0x04c80000, 0x04c80000, 0x04d40000)
 tenured generation   total 15544K, used 11340K [0x09bb0000, 0x0aade000, 0x14660000)
   the space 15544K,  72% used [0x09bb0000, 0x0a6c3020, 0x0a6c3200, 0x0aade000)
 compacting perm gen  total 16896K, used 16836K [0x14660000, 0x156e0000, 0x18660000)
   the space 16896K,  99% used [0x14660000, 0x156d13a0, 0x156d1400, 0x156e0000)
No shared spaces configured.
}
Event: 11.485 GC heap before
{Heap before GC invocations=47 (full 2):
 def new generation   total 7040K, used 6815K [0x04660000, 0x04e00000, 0x09bb0000)
  eden space 6272K, 100% used [0x04660000, 0x04c80000, 0x04c80000)
  from space 768K,  70% used [0x04d40000, 0x04dc7c10, 0x04e00000)
  to   space 768K,   0% used [0x04c80000, 0x04c80000, 0x04d40000)
 tenured generation   total 15544K, used 11340K [0x09bb0000, 0x0aade000, 0x14660000)
   the space 15544K,  72% used [0x09bb0000, 0x0a6c3020, 0x0a6c3200, 0x0aade000)
 compacting perm gen  total 17152K, used 17113K [0x14660000, 0x15720000, 0x18660000)
   the space 17152K,  99% used [0x14660000, 0x15716710, 0x15716800, 0x15720000)
No shared spaces configured.
Event: 11.490 GC heap after
Heap after GC invocations=48 (full 2):
 def new generation   total 7040K, used 635K [0x04660000, 0x04e00000, 0x09bb0000)
  eden space 6272K,   0% used [0x04660000, 0x04660000, 0x04c80000)
  from space 768K,  82% used [0x04c80000, 0x04d1edb0, 0x04d40000)
  to   space 768K,   0% used [0x04d40000, 0x04d40000, 0x04e00000)
 tenured generation   total 15544K, used 11606K [0x09bb0000, 0x0aade000, 0x14660000)
   the space 15544K,  74% used [0x09bb0000, 0x0a705818, 0x0a705a00, 0x0aade000)
 compacting perm gen  total 17152K, used 17113K [0x14660000, 0x15720000, 0x18660000)
   the space 17152K,  99% used [0x14660000, 0x15716710, 0x15716800, 0x15720000)
No shared spaces configured.
}

